<?xml version="1.0" encoding="UTF-8"?>
<testng-results skipped="0" failed="2" total="10" passed="8">
  <reporter-output>
  </reporter-output>
  <suite name="Default suite" duration-ms="6551" started-at="2011-04-12T15:15:38Z" finished-at="2011-04-12T15:15:44Z">
    <groups>
      <group name="dataaccess">
        <method signature="com.abiquo.server.core.scheduler.RulesRepTest.test_deleteEnterpriseExclusionRule()" name="test_deleteEnterpriseExclusionRule" class="com.abiquo.server.core.scheduler.RulesRepTest"/>
        <method signature="com.abiquo.server.core.scheduler.RulesRepTest.test_deleteFitPolicyRule()" name="test_deleteFitPolicyRule" class="com.abiquo.server.core.scheduler.RulesRepTest"/>
        <method signature="com.abiquo.server.core.scheduler.RulesRepTest.test_deleteMachineLoadRule()" name="test_deleteMachineLoadRule" class="com.abiquo.server.core.scheduler.RulesRepTest"/>
        <method signature="com.abiquo.server.core.scheduler.RulesRepTest.test_findAllEnterpriseExclusionRules()" name="test_findAllEnterpriseExclusionRules" class="com.abiquo.server.core.scheduler.RulesRepTest"/>
        <method signature="com.abiquo.server.core.scheduler.RulesRepTest.test_findAllFitPolicyRules()" name="test_findAllFitPolicyRules" class="com.abiquo.server.core.scheduler.RulesRepTest"/>
        <method signature="com.abiquo.server.core.scheduler.RulesRepTest.test_findAllMachineLoadRules()" name="test_findAllMachineLoadRules" class="com.abiquo.server.core.scheduler.RulesRepTest"/>
        <method signature="com.abiquo.server.core.scheduler.RulesRepTest.test_getFitPolicyForDatacenter()" name="test_getFitPolicyForDatacenter" class="com.abiquo.server.core.scheduler.RulesRepTest"/>
        <method signature="com.abiquo.server.core.scheduler.RulesRepTest.test_getGlobalFitPolicy()" name="test_getGlobalFitPolicy" class="com.abiquo.server.core.scheduler.RulesRepTest"/>
        <method signature="com.abiquo.server.core.scheduler.RulesRepTest.test_getGlobalRules()" name="test_getGlobalRules" class="com.abiquo.server.core.scheduler.RulesRepTest"/>
        <method signature="com.abiquo.server.core.scheduler.RulesRepTest.test_getMachineLoadForDatacenter()" name="test_getMachineLoadForDatacenter" class="com.abiquo.server.core.scheduler.RulesRepTest"/>
      </group>
    </groups>
    <test name="Default test" duration-ms="6551" started-at="2011-04-12T15:15:38Z" finished-at="2011-04-12T15:15:44Z">
      <class name="com.abiquo.server.core.scheduler.RulesRepTest">
        <test-method status="PASS" signature="methodSetUp()" name="methodSetUp" is-config="true" duration-ms="3924" started-at="2011-04-12T15:15:38Z" finished-at="2011-04-12T15:15:42Z">
        </test-method>
        <test-method status="PASS" signature="test_deleteEnterpriseExclusionRule()" name="test_deleteEnterpriseExclusionRule" duration-ms="231" started-at="2011-04-12T15:15:42Z" finished-at="2011-04-12T15:15:42Z">
        </test-method>
        <test-method status="PASS" signature="methodTearDown()" name="methodTearDown" is-config="true" duration-ms="1" started-at="2011-04-12T15:15:42Z" finished-at="2011-04-12T15:15:42Z">
        </test-method>
        <test-method status="PASS" signature="methodSetUp()" name="methodSetUp" is-config="true" duration-ms="60" started-at="2011-04-12T15:15:42Z" finished-at="2011-04-12T15:15:42Z">
        </test-method>
        <test-method status="PASS" signature="test_deleteFitPolicyRule()" name="test_deleteFitPolicyRule" duration-ms="134" started-at="2011-04-12T15:15:42Z" finished-at="2011-04-12T15:15:42Z">
        </test-method>
        <test-method status="PASS" signature="methodTearDown()" name="methodTearDown" is-config="true" duration-ms="0" started-at="2011-04-12T15:15:42Z" finished-at="2011-04-12T15:15:42Z">
        </test-method>
        <test-method status="PASS" signature="methodSetUp()" name="methodSetUp" is-config="true" duration-ms="69" started-at="2011-04-12T15:15:42Z" finished-at="2011-04-12T15:15:42Z">
        </test-method>
        <test-method status="PASS" signature="test_deleteMachineLoadRule()" name="test_deleteMachineLoadRule" duration-ms="392" started-at="2011-04-12T15:15:42Z" finished-at="2011-04-12T15:15:43Z">
        </test-method>
        <test-method status="PASS" signature="methodTearDown()" name="methodTearDown" is-config="true" duration-ms="0" started-at="2011-04-12T15:15:43Z" finished-at="2011-04-12T15:15:43Z">
        </test-method>
        <test-method status="PASS" signature="methodSetUp()" name="methodSetUp" is-config="true" duration-ms="66" started-at="2011-04-12T15:15:43Z" finished-at="2011-04-12T15:15:43Z">
        </test-method>
        <test-method status="PASS" signature="test_findAllEnterpriseExclusionRules()" name="test_findAllEnterpriseExclusionRules" duration-ms="109" started-at="2011-04-12T15:15:43Z" finished-at="2011-04-12T15:15:43Z">
        </test-method>
        <test-method status="PASS" signature="methodTearDown()" name="methodTearDown" is-config="true" duration-ms="1" started-at="2011-04-12T15:15:43Z" finished-at="2011-04-12T15:15:43Z">
        </test-method>
        <test-method status="PASS" signature="methodSetUp()" name="methodSetUp" is-config="true" duration-ms="74" started-at="2011-04-12T15:15:43Z" finished-at="2011-04-12T15:15:43Z">
        </test-method>
        <test-method status="PASS" signature="test_findAllFitPolicyRules()" name="test_findAllFitPolicyRules" duration-ms="90" started-at="2011-04-12T15:15:43Z" finished-at="2011-04-12T15:15:43Z">
        </test-method>
        <test-method status="PASS" signature="methodTearDown()" name="methodTearDown" is-config="true" duration-ms="1" started-at="2011-04-12T15:15:43Z" finished-at="2011-04-12T15:15:43Z">
        </test-method>
        <test-method status="PASS" signature="methodSetUp()" name="methodSetUp" is-config="true" duration-ms="67" started-at="2011-04-12T15:15:43Z" finished-at="2011-04-12T15:15:43Z">
        </test-method>
        <test-method status="PASS" signature="test_findAllMachineLoadRules()" name="test_findAllMachineLoadRules" duration-ms="310" started-at="2011-04-12T15:15:43Z" finished-at="2011-04-12T15:15:43Z">
        </test-method>
        <test-method status="PASS" signature="methodTearDown()" name="methodTearDown" is-config="true" duration-ms="0" started-at="2011-04-12T15:15:43Z" finished-at="2011-04-12T15:15:43Z">
        </test-method>
        <test-method status="PASS" signature="methodSetUp()" name="methodSetUp" is-config="true" duration-ms="68" started-at="2011-04-12T15:15:43Z" finished-at="2011-04-12T15:15:43Z">
        </test-method>
        <test-method status="PASS" signature="test_getFitPolicyForDatacenter()" name="test_getFitPolicyForDatacenter" duration-ms="108" started-at="2011-04-12T15:15:43Z" finished-at="2011-04-12T15:15:43Z">
        </test-method>
        <test-method status="PASS" signature="methodTearDown()" name="methodTearDown" is-config="true" duration-ms="1" started-at="2011-04-12T15:15:44Z" finished-at="2011-04-12T15:15:44Z">
        </test-method>
        <test-method status="PASS" signature="methodSetUp()" name="methodSetUp" is-config="true" duration-ms="73" started-at="2011-04-12T15:15:44Z" finished-at="2011-04-12T15:15:44Z">
        </test-method>
        <test-method status="FAIL" signature="test_getGlobalFitPolicy()" name="test_getGlobalFitPolicy" duration-ms="93" started-at="2011-04-12T15:15:44Z" finished-at="2011-04-12T15:15:44Z">
          <exception class="javax.persistence.NoResultException">
            <message>
              <![CDATA[No entity found for query]]>
            </message>
            <full-stacktrace>
              <![CDATA[javax.persistence.NoResultException: No entity found for query
	at com.softwarementors.bzngine.engines.hibernate.CriteriaJpaHelper.getSingleResult(CriteriaJpaHelper.java:197)
	at com.softwarementors.bzngine.dao.hibernate.JpaHibernateDaoBase.getSingleResult(JpaHibernateDaoBase.java:175)
	at com.abiquo.server.core.scheduler.FitPolicyRuleDAO.getGlobalFitPolicy(FitPolicyRuleDAO.java:60)
	at com.abiquo.server.core.scheduler.RulesRep.getGlobalFitPolicy(RulesRep.java:205)
	at com.abiquo.server.core.scheduler.RulesRepTest.test_getGlobalFitPolicy(RulesRepTest.java:322)
	at sun.reflect.NativeMethodAccessorImpl.invoke0(Native Method)
	at sun.reflect.NativeMethodAccessorImpl.invoke(NativeMethodAccessorImpl.java:39)
	at sun.reflect.DelegatingMethodAccessorImpl.invoke(DelegatingMethodAccessorImpl.java:25)
	at java.lang.reflect.Method.invoke(Method.java:597)
	at org.testng.internal.MethodInvocationHelper.invokeMethod(MethodInvocationHelper.java:74)
	at org.testng.internal.Invoker.invokeMethod(Invoker.java:673)
	at org.testng.internal.Invoker.invokeTestMethod(Invoker.java:846)
	at org.testng.internal.Invoker.invokeTestMethods(Invoker.java:1170)
	at org.testng.internal.TestMethodWorker.invokeTestMethods(TestMethodWorker.java:125)
	at org.testng.internal.TestMethodWorker.run(TestMethodWorker.java:109)
	at org.testng.TestRunner.runWorkers(TestRunner.java:1147)
	at org.testng.TestRunner.privateRun(TestRunner.java:749)
	at org.testng.TestRunner.run(TestRunner.java:600)
	at org.testng.SuiteRunner.runTest(SuiteRunner.java:317)
	at org.testng.SuiteRunner.runSequentially(SuiteRunner.java:312)
	at org.testng.SuiteRunner.privateRun(SuiteRunner.java:274)
	at org.testng.SuiteRunner.run(SuiteRunner.java:223)
	at org.testng.SuiteRunnerWorker.runSuite(SuiteRunnerWorker.java:52)
	at org.testng.SuiteRunnerWorker.run(SuiteRunnerWorker.java:86)
	at org.testng.TestNG.runSuitesSequentially(TestNG.java:1039)
	at org.testng.TestNG.runSuitesLocally(TestNG.java:964)
	at org.testng.TestNG.run(TestNG.java:900)
	at org.testng.remote.RemoteTestNG.run(RemoteTestNG.java:110)
	at org.testng.remote.RemoteTestNG.initAndRun(RemoteTestNG.java:205)
	at org.testng.remote.RemoteTestNG.main(RemoteTestNG.java:174)
]]>
            </full-stacktrace>
          </exception>
        </test-method>
        <test-method status="PASS" signature="methodTearDown()" name="methodTearDown" is-config="true" duration-ms="0" started-at="2011-04-12T15:15:44Z" finished-at="2011-04-12T15:15:44Z">
        </test-method>
        <test-method status="PASS" signature="methodSetUp()" name="methodSetUp" is-config="true" duration-ms="71" started-at="2011-04-12T15:15:44Z" finished-at="2011-04-12T15:15:44Z">
        </test-method>
        <test-method status="FAIL" signature="test_getGlobalRules()" name="test_getGlobalRules" duration-ms="91" started-at="2011-04-12T15:15:44Z" finished-at="2011-04-12T15:15:44Z">
          <exception class="javax.persistence.NoResultException">
            <message>
              <![CDATA[No entity found for query]]>
            </message>
            <full-stacktrace>
              <![CDATA[javax.persistence.NoResultException: No entity found for query
	at com.softwarementors.bzngine.engines.hibernate.CriteriaJpaHelper.getSingleResult(CriteriaJpaHelper.java:197)
	at com.softwarementors.bzngine.dao.hibernate.JpaHibernateDaoBase.getSingleResult(JpaHibernateDaoBase.java:175)
	at com.abiquo.server.core.scheduler.FitPolicyRuleDAO.getGlobalFitPolicy(FitPolicyRuleDAO.java:60)
	at com.abiquo.server.core.scheduler.RulesRep.getGlobalRules(RulesRep.java:75)
	at com.abiquo.server.core.scheduler.RulesRepTest.test_getGlobalRules(RulesRepTest.java:304)
	at sun.reflect.NativeMethodAccessorImpl.invoke0(Native Method)
	at sun.reflect.NativeMethodAccessorImpl.invoke(NativeMethodAccessorImpl.java:39)
	at sun.reflect.DelegatingMethodAccessorImpl.invoke(DelegatingMethodAccessorImpl.java:25)
	at java.lang.reflect.Method.invoke(Method.java:597)
	at org.testng.internal.MethodInvocationHelper.invokeMethod(MethodInvocationHelper.java:74)
	at org.testng.internal.Invoker.invokeMethod(Invoker.java:673)
	at org.testng.internal.Invoker.invokeTestMethod(Invoker.java:846)
	at org.testng.internal.Invoker.invokeTestMethods(Invoker.java:1170)
	at org.testng.internal.TestMethodWorker.invokeTestMethods(TestMethodWorker.java:125)
	at org.testng.internal.TestMethodWorker.run(TestMethodWorker.java:109)
	at org.testng.TestRunner.runWorkers(TestRunner.java:1147)
	at org.testng.TestRunner.privateRun(TestRunner.java:749)
	at org.testng.TestRunner.run(TestRunner.java:600)
	at org.testng.SuiteRunner.runTest(SuiteRunner.java:317)
	at org.testng.SuiteRunner.runSequentially(SuiteRunner.java:312)
	at org.testng.SuiteRunner.privateRun(SuiteRunner.java:274)
	at org.testng.SuiteRunner.run(SuiteRunner.java:223)
	at org.testng.SuiteRunnerWorker.runSuite(SuiteRunnerWorker.java:52)
	at org.testng.SuiteRunnerWorker.run(SuiteRunnerWorker.java:86)
	at org.testng.TestNG.runSuitesSequentially(TestNG.java:1039)
	at org.testng.TestNG.runSuitesLocally(TestNG.java:964)
	at org.testng.TestNG.run(TestNG.java:900)
	at org.testng.remote.RemoteTestNG.run(RemoteTestNG.java:110)
	at org.testng.remote.RemoteTestNG.initAndRun(RemoteTestNG.java:205)
	at org.testng.remote.RemoteTestNG.main(RemoteTestNG.java:174)
]]>
            </full-stacktrace>
          </exception>
        </test-method>
        <test-method status="PASS" signature="methodTearDown()" name="methodTearDown" is-config="true" duration-ms="0" started-at="2011-04-12T15:15:44Z" finished-at="2011-04-12T15:15:44Z">
        </test-method>
        <test-method status="PASS" signature="methodSetUp()" name="methodSetUp" is-config="true" duration-ms="59" started-at="2011-04-12T15:15:44Z" finished-at="2011-04-12T15:15:44Z">
        </test-method>
        <test-method status="PASS" signature="test_getMachineLoadForDatacenter()" name="test_getMachineLoadForDatacenter" duration-ms="93" started-at="2011-04-12T15:15:44Z" finished-at="2011-04-12T15:15:44Z">
        </test-method>
        <test-method status="PASS" signature="methodTearDown()" name="methodTearDown" is-config="true" duration-ms="1" started-at="2011-04-12T15:15:44Z" finished-at="2011-04-12T15:15:44Z">
        </test-method>
      </class>
    </test>
  </suite>
</testng-results>
